\BOOKMARK [1][-]{section.1}{Combinatorics}{}% 1
\BOOKMARK [2][-]{subsection.1.1}{Bijections}{section.1}% 2
\BOOKMARK [2][-]{subsection.1.2}{Invariants and Monovariants}{section.1}% 3
\BOOKMARK [2][-]{subsection.1.3}{Pigeonhole Principle}{section.1}% 4
\BOOKMARK [2][-]{subsection.1.4}{Extremal Principle}{section.1}% 5
\BOOKMARK [2][-]{subsection.1.5}{Combinatorial Games}{section.1}% 6
\BOOKMARK [2][-]{subsection.1.6}{Algorithms}{section.1}% 7
\BOOKMARK [2][-]{subsection.1.7}{Generating Functions}{section.1}% 8
\BOOKMARK [2][-]{subsection.1.8}{Enumerative Combinatorics}{section.1}% 9
\BOOKMARK [2][-]{subsection.1.9}{Probabilistic Method}{section.1}% 10
\BOOKMARK [2][-]{subsection.1.10}{Algebraic Combinatorics}{section.1}% 11
\BOOKMARK [2][-]{subsection.1.11}{Combinatorial Geometry}{section.1}% 12
\BOOKMARK [3][-]{subsubsection.1.11.1}{Convex Hull}{subsection.1.11}% 13
\BOOKMARK [1][-]{section.2}{Algebra}{}% 14
\BOOKMARK [2][-]{subsection.2.1}{Linear Algebra}{section.2}% 15
\BOOKMARK [2][-]{subsection.2.2}{Group Theory}{section.2}% 16
\BOOKMARK [1][-]{section.3}{Number Theory}{}% 17
\BOOKMARK [2][-]{subsection.3.1}{Finite Field Arithmetic}{section.3}% 18
\BOOKMARK [2][-]{subsection.3.2}{Arithmetic Functions}{section.3}% 19
\BOOKMARK [1][-]{section.4}{Geometry}{}% 20
\BOOKMARK [2][-]{subsection.4.1}{Complex Numbers}{section.4}% 21
\BOOKMARK [2][-]{subsection.4.2}{Barycentric Coordinates}{section.4}% 22
\BOOKMARK [2][-]{subsection.4.3}{Projective Geometry}{section.4}% 23
\BOOKMARK [2][-]{subsection.4.4}{Inversion}{section.4}% 24
\BOOKMARK [1][-]{section.5}{Analysis}{}% 25
\BOOKMARK [2][-]{subsection.5.1}{Sequences and Series}{section.5}% 26
\BOOKMARK [2][-]{subsection.5.2}{Measure Theory and Integration}{section.5}% 27
\BOOKMARK [2][-]{subsection.5.3}{Complex Analysis}{section.5}% 28
