\BOOKMARK [1][-]{section.1}{Combinatorics}{}% 1
\BOOKMARK [2][-]{subsection.1.1}{Invariants and Monovariants}{section.1}% 2
\BOOKMARK [2][-]{subsection.1.2}{Bijections}{section.1}% 3
\BOOKMARK [2][-]{subsection.1.3}{Pigeonhole Principle}{section.1}% 4
\BOOKMARK [2][-]{subsection.1.4}{Extremal Principle}{section.1}% 5
\BOOKMARK [2][-]{subsection.1.5}{Combinatorial Games}{section.1}% 6
\BOOKMARK [2][-]{subsection.1.6}{Algorithms}{section.1}% 7
\BOOKMARK [2][-]{subsection.1.7}{Generating Functions}{section.1}% 8
\BOOKMARK [2][-]{subsection.1.8}{Enumerative Combinatorics}{section.1}% 9
\BOOKMARK [2][-]{subsection.1.9}{Probabilistic Method}{section.1}% 10
\BOOKMARK [2][-]{subsection.1.10}{Algebraic Combinatorics}{section.1}% 11
\BOOKMARK [2][-]{subsection.1.11}{Combinatorial Geometry}{section.1}% 12
\BOOKMARK [3][-]{subsubsection.1.11.1}{Convex Hull}{subsection.1.11}% 13
\BOOKMARK [1][-]{section.2}{Algebra}{}% 14
\BOOKMARK [2][-]{subsection.2.1}{Polynomials}{section.2}% 15
\BOOKMARK [2][-]{subsection.2.2}{Inequalities}{section.2}% 16
\BOOKMARK [2][-]{subsection.2.3}{Functional Equations}{section.2}% 17
\BOOKMARK [2][-]{subsection.2.4}{Linear Algebra}{section.2}% 18
\BOOKMARK [2][-]{subsection.2.5}{Group Theory}{section.2}% 19
\BOOKMARK [2][-]{subsection.2.6}{Field Theory}{section.2}% 20
\BOOKMARK [1][-]{section.3}{Number Theory}{}% 21
\BOOKMARK [2][-]{subsection.3.1}{Orders}{section.3}% 22
\BOOKMARK [2][-]{subsection.3.2}{P-adic Valuation}{section.3}% 23
\BOOKMARK [2][-]{subsection.3.3}{Cyclotomic Polynomials}{section.3}% 24
\BOOKMARK [2][-]{subsection.3.4}{Finite Field Arithmetic}{section.3}% 25
\BOOKMARK [2][-]{subsection.3.5}{Arithmetic Functions}{section.3}% 26
\BOOKMARK [2][-]{subsection.3.6}{Quadratic Reciprocity}{section.3}% 27
\BOOKMARK [1][-]{section.4}{Analysis}{}% 28
\BOOKMARK [2][-]{subsection.4.1}{Sequences and Series}{section.4}% 29
\BOOKMARK [2][-]{subsection.4.2}{Measure Theory and Integration}{section.4}% 30
\BOOKMARK [2][-]{subsection.4.3}{Vector Calculus}{section.4}% 31
\BOOKMARK [2][-]{subsection.4.4}{Complex Analysis}{section.4}% 32
\BOOKMARK [1][-]{section.5}{Geometry}{}% 33
\BOOKMARK [2][-]{subsection.5.1}{Classical Results}{section.5}% 34
\BOOKMARK [2][-]{subsection.5.2}{Complex Numbers}{section.5}% 35
